-------------------------------------------------------------------------------
Test set: com.example.demo.CrudCatalogoPreguntasApplicationTests
-------------------------------------------------------------------------------
Tests run: 1, Failures: 0, Errors: 1, Skipped: 0, Time elapsed: 0.125 s <<< FAILURE! - in com.example.demo.CrudCatalogoPreguntasApplicationTests
com.example.demo.CrudCatalogoPreguntasApplicationTests  Time elapsed: 0.124 s  <<< ERROR!
java.lang.IllegalStateException: Unable to find a @SpringBootConfiguration, you need to use @ContextConfiguration or @SpringBootTest(classes=...) with your test

