-------------------------------------------------------------------------------
Test set: de.seminario.CrudCatalogoPreguntasApplicationTests
-------------------------------------------------------------------------------
Tests run: 1, Failures: 0, Errors: 1, Skipped: 0, Time elapsed: 0.113 s <<< FAILURE! - in de.seminario.CrudCatalogoPreguntasApplicationTests
de.seminario.CrudCatalogoPreguntasApplicationTests  Time elapsed: 0.113 s  <<< ERROR!
java.lang.IllegalStateException: Unable to find a @SpringBootConfiguration, you need to use @ContextConfiguration or @SpringBootTest(classes=...) with your test

